<?xml version="1.0" encoding="UTF-8"?>
<!-- Generated by org.testng.reporters.JUnitReportReporter -->
<testsuite hostname="hh" failures="0" tests="1" name="TestNGActiTime.NewTest" time="0.054" errors="0" timestamp="2022-02-17T18:29:57 IST" skipped="0">
  <testcase classname="TestNGActiTime.NewTest" name="f" time="0.054"/>
  <system-out/>
</testsuite> <!-- TestNGActiTime.NewTest -->
