<?xml version="1.0" encoding="UTF-8"?>
<!-- Generated by org.testng.reporters.JUnitReportReporter -->
<testsuite hostname="hh" failures="0" tests="3" name="testNG1.TP" time="0.059" errors="0" timestamp="2022-04-20T21:55:03 IST" skipped="0">
  <testcase classname="testNG1.TP" name="test3" time="0.032"/>
  <system-out/>
  <testcase classname="testNG1.TP" name="test2" time="0.007"/>
  <system-out/>
  <testcase classname="testNG1.TP" name="test1" time="0.020"/>
  <system-out/>
</testsuite> <!-- testNG1.TP -->
