<?xml version="1.0" encoding="UTF-8"?>
<!-- Generated by org.testng.reporters.JUnitReportReporter -->
<testsuite hostname="hh" failures="0" tests="5" name="testNG1.ActitimeTestScenario1copy" time="40.412" errors="0" timestamp="2022-02-20T19:48:05 IST" skipped="0">
  <testcase classname="testNG1.ActitimeTestScenario1copy" name="test1" time="23.870"/>
  <system-out/>
  <testcase classname="testNG1.ActitimeTestScenario1copy" name="test2" time="4.621"/>
  <system-out/>
  <testcase classname="testNG1.ActitimeTestScenario1copy" name="test3" time="4.724"/>
  <system-out/>
  <testcase classname="testNG1.ActitimeTestScenario1copy" name="test4" time="4.002"/>
  <system-out/>
  <testcase classname="testNG1.ActitimeTestScenario1copy" name="test5" time="3.195"/>
  <system-out/>
</testsuite> <!-- testNG1.ActitimeTestScenario1copy -->
