<?xml version="1.0" encoding="UTF-8"?>
<!-- Generated by org.testng.reporters.JUnitReportReporter -->
<testsuite hostname="hh" failures="0" tests="3" name="testNG1.GroupClass_C" time="0.043" errors="0" timestamp="2022-02-22T01:27:15 IST" skipped="0">
  <testcase classname="testNG1.GroupClass_C" name="c3" time="0.003"/>
  <system-out/>
  <testcase classname="testNG1.GroupClass_C" name="c1" time="0.034"/>
  <system-out/>
  <testcase classname="testNG1.GroupClass_C" name="c2" time="0.006"/>
  <system-out/>
</testsuite> <!-- testNG1.GroupClass_C -->
