<?xml version="1.0" encoding="UTF-8"?>
<!-- Generated by org.testng.reporters.JUnitReportReporter -->
<testsuite hostname="hh" failures="0" tests="6" name="testNG1.NewTest" time="0.099" errors="0" timestamp="2022-02-20T19:48:05 IST" skipped="0">
  <testcase classname="testNG1.NewTest" name="f8" time="0.010"/>
  <system-out/>
  <testcase classname="testNG1.NewTest" name="f3" time="0.033"/>
  <system-out/>
  <testcase classname="testNG1.NewTest" name="f6" time="0.018"/>
  <system-out/>
  <testcase classname="testNG1.NewTest" name="f5" time="0.010"/>
  <system-out/>
  <testcase classname="testNG1.NewTest" name="f7" time="0.018"/>
  <system-out/>
  <testcase classname="testNG1.NewTest" name="f4" time="0.010"/>
  <system-out/>
</testsuite> <!-- testNG1.NewTest -->
