<?xml version="1.0" encoding="UTF-8"?>
<!-- Generated by org.testng.reporters.JUnitReportReporter -->
<testsuite hostname="hh" failures="0" tests="5" name="testNG1.GroupClass_B" time="0.028" errors="0" timestamp="2022-02-22T01:02:43 IST" skipped="0">
  <testcase classname="testNG1.GroupClass_B" name="b1" time="0.003"/>
  <system-out/>
  <testcase classname="testNG1.GroupClass_B" name="b5" time="0.009"/>
  <system-out/>
  <testcase classname="testNG1.GroupClass_B" name="b4" time="0.005"/>
  <system-out/>
  <testcase classname="testNG1.GroupClass_B" name="b3" time="0.006"/>
  <system-out/>
  <testcase classname="testNG1.GroupClass_B" name="b2" time="0.005"/>
  <system-out/>
</testsuite> <!-- testNG1.GroupClass_B -->
