<?xml version="1.0" encoding="UTF-8"?>
<!-- Generated by org.testng.reporters.JUnitReportReporter -->
<testsuite hostname="hh" failures="0" tests="1" name="testNG1.NewTest2" time="0.021" errors="0" timestamp="2022-02-20T19:48:05 IST" skipped="0">
  <testcase classname="testNG1.NewTest2" name="f" time="0.021"/>
  <system-out/>
</testsuite> <!-- testNG1.NewTest2 -->
