<?xml version="1.0" encoding="UTF-8"?>
<!-- Generated by org.testng.reporters.JUnitReportReporter -->
<testsuite hostname="hh" failures="0" tests="1" name="testNG1.ActitimeTestScenario2" time="9.811" errors="0" timestamp="2022-02-27T19:40:20 IST" skipped="0">
  <testcase classname="testNG1.ActitimeTestScenario2" name="test1" time="9.811"/>
  <system-out/>
</testsuite> <!-- testNG1.ActitimeTestScenario2 -->
