<?xml version="1.0" encoding="UTF-8"?>
<!-- Generated by org.testng.reporters.JUnitReportReporter -->
<testsuite hostname="hh" failures="0" tests="5" name="testNG1.GroupClass_A" time="0.071" errors="0" timestamp="2022-02-22T01:02:43 IST" skipped="0">
  <testcase classname="testNG1.GroupClass_A" name="a3" time="0.010"/>
  <system-out/>
  <testcase classname="testNG1.GroupClass_A" name="a5" time="0.009"/>
  <system-out/>
  <testcase classname="testNG1.GroupClass_A" name="a2" time="0.015"/>
  <system-out/>
  <testcase classname="testNG1.GroupClass_A" name="a4" time="0.006"/>
  <system-out/>
  <testcase classname="testNG1.GroupClass_A" name="a1" time="0.031"/>
  <system-out/>
</testsuite> <!-- testNG1.GroupClass_A -->
