<?xml version="1.0" encoding="UTF-8"?>
<!-- Generated by org.testng.reporters.JUnitReportReporter -->
<testsuite hostname="hh" failures="0" tests="3" name="testNG1.GroupClass_D" time="0.016" errors="0" timestamp="2022-02-22T01:27:15 IST" skipped="0">
  <testcase classname="testNG1.GroupClass_D" name="d3" time="0.007"/>
  <system-out/>
  <testcase classname="testNG1.GroupClass_D" name="d2" time="0.003"/>
  <system-out/>
  <testcase classname="testNG1.GroupClass_D" name="d4" time="0.006"/>
  <system-out/>
</testsuite> <!-- testNG1.GroupClass_D -->
