<?xml version="1.0" encoding="UTF-8"?>
<!-- Generated by org.testng.reporters.JUnitReportReporter -->
<testsuite hostname="hh" failures="0" tests="4" name="testNG1.ActitimeTestScenario3" time="15.371" errors="0" timestamp="2022-02-21T00:13:54 IST" skipped="0">
  <testcase classname="testNG1.ActitimeTestScenario3" name="firstOption" time="4.729"/>
  <system-out/>
  <testcase classname="testNG1.ActitimeTestScenario3" name="secondOption" time="2.755"/>
  <system-out/>
  <testcase classname="testNG1.ActitimeTestScenario3" name="thirdOption" time="4.498"/>
  <system-out/>
  <testcase classname="testNG1.ActitimeTestScenario3" name="checkbox" time="3.389"/>
  <system-out/>
</testsuite> <!-- testNG1.ActitimeTestScenario3 -->
