<?xml version="1.0" encoding="UTF-8"?>
<!-- Generated by org.testng.reporters.JUnitReportReporter -->
<testsuite hostname="hh" failures="0" tests="2" name="testNG1.ActitimeTestScenario2" time="8.833" errors="0" timestamp="2022-02-21T00:13:54 IST" skipped="0">
  <testcase classname="testNG1.ActitimeTestScenario2" name="firstOption" time="3.899"/>
  <system-out/>
  <testcase classname="testNG1.ActitimeTestScenario2" name="secondOption" time="4.934"/>
  <system-out/>
</testsuite> <!-- testNG1.ActitimeTestScenario2 -->
