<?xml version="1.0" encoding="UTF-8"?>
<!-- Generated by org.testng.reporters.JUnitReportReporter -->
<testsuite hostname="hh" failures="0" tests="1" name="testNG1.ActitimeTestScenarioTest" time="0.029" errors="0" timestamp="2022-02-27T17:06:54 IST" skipped="0">
  <testcase classname="testNG1.ActitimeTestScenarioTest" name="f" time="0.029"/>
  <system-out/>
</testsuite> <!-- testNG1.ActitimeTestScenarioTest -->
