<?xml version="1.0" encoding="UTF-8"?>
<!-- Generated by org.testng.reporters.JUnitReportReporter -->
<testsuite hostname="hh" failures="0" tests="4" name="testNG1.ActitimeTestScenario3Firefox" time="17.890" errors="0" timestamp="2022-02-28T16:44:12 IST" skipped="0">
  <testcase classname="testNG1.ActitimeTestScenario3Firefox" name="firstOption" time="2.866"/>
  <system-out/>
  <testcase classname="testNG1.ActitimeTestScenario3Firefox" name="secondOption" time="5.811"/>
  <system-out/>
  <testcase classname="testNG1.ActitimeTestScenario3Firefox" name="thirdOption" time="4.687"/>
  <system-out/>
  <testcase classname="testNG1.ActitimeTestScenario3Firefox" name="checkbox" time="4.526"/>
  <system-out/>
</testsuite> <!-- testNG1.ActitimeTestScenario3Firefox -->
