<?xml version="1.0" encoding="UTF-8"?>
<!-- Generated by org.testng.reporters.JUnitReportReporter -->
<testsuite hostname="hh" failures="0" tests="2" name="testNG1.ActitimeTestScenario2chrome" time="6.197" errors="0" timestamp="2022-02-28T17:11:56 IST" skipped="0">
  <testcase classname="testNG1.ActitimeTestScenario2chrome" name="firstOption" time="4.053"/>
  <system-out/>
  <testcase classname="testNG1.ActitimeTestScenario2chrome" name="secondOption" time="2.144"/>
  <system-out/>
</testsuite> <!-- testNG1.ActitimeTestScenario2chrome -->
